2022-11-30T09:23:24+00:00 CRITICAL Uncaught Exception: Invalid data: {"data":["Array","Array","Array"],"element":"Array"} in C:\xampp\htdocs\ecomerce\wp-content\plugins\elementor\core\base\document.php:943
Stack trace:
#0 C:\xampp\htdocs\ecomerce\wp-content\plugins\astra-sites\inc\importers\batch-processing\class-astra-sites-batch-processing-elementor.php(122): Elementor\Core\Base\Document->get_elements_raw_data(Array, true)
#1 C:\xampp\htdocs\ecomerce\wp-content\plugins\astra-sites\inc\importers\batch-processing\class-astra-sites-batch-processing-elementor.php(66): Elementor\TemplateLibrary\Astra_Sites_Batch_Processing_Elementor->import_single_post(10)
#2 C:\xampp\htdocs\ecomerce\wp-content\plugins\astra-sites\inc\importers\batch-processing\helpers\class-wp-background-process-astra.php(41): Elementor\TemplateLibrary\Astra_Sites_Batch_Processing_Elementor->import()
#3 C:\xampp\htdocs\ecomerce\wp-content\plugins\woocommerce\includes\libraries\wp-background-process.php(301): WP_Background_Process_Astra->task(Object(Elementor\TemplateLibrary\Astra_Sites_Batch_Processing_Elementor))
#4 C:\xampp\htdocs\ecomerce\wp-content\plugins\woocommerce\includes\libraries\wp-background-process.php(447): WP_Background_Process->handle()
#5 C:\xampp\htdocs\ecomerce\wp-includes\class-wp-hook.php(308): WP_Background_Process->handle_cron_healthcheck()
#6 C:\xampp\htdocs\ecomerce\wp-includes\class-wp-hook.php(332): WP_Hook->apply_filters('', Array)
#7 C:\xampp\htdocs\ecomerce\wp-includes\plugin.php(565): WP_Hook->do_action(Array)
#8 C:\xampp\htdocs\ecomerce\wp-cron.php(188): do_action_ref_array('wp_image_proces...', Array)
#9 {main}
  thrown in C:\xampp\htdocs\ecomerce\wp-content\plugins\elementor\core\base\document.php on line 943

2022-11-30T09:27:07+00:00 CRITICAL Uncaught Exception: Invalid data: {"data":["Array","Array","Array"],"element":"Array"} in C:\xampp\htdocs\ecomerce\wp-content\plugins\elementor\core\base\document.php:943
Stack trace:
#0 C:\xampp\htdocs\ecomerce\wp-content\plugins\astra-sites\inc\importers\batch-processing\class-astra-sites-batch-processing-elementor.php(122): Elementor\Core\Base\Document->get_elements_raw_data(Array, true)
#1 C:\xampp\htdocs\ecomerce\wp-content\plugins\astra-sites\inc\importers\batch-processing\class-astra-sites-batch-processing-elementor.php(66): Elementor\TemplateLibrary\Astra_Sites_Batch_Processing_Elementor->import_single_post(10)
#2 C:\xampp\htdocs\ecomerce\wp-content\plugins\astra-sites\inc\importers\batch-processing\helpers\class-wp-background-process-astra.php(41): Elementor\TemplateLibrary\Astra_Sites_Batch_Processing_Elementor->import()
#3 C:\xampp\htdocs\ecomerce\wp-content\plugins\woocommerce\includes\libraries\wp-background-process.php(301): WP_Background_Process_Astra->task(Object(Elementor\TemplateLibrary\Astra_Sites_Batch_Processing_Elementor))
#4 C:\xampp\htdocs\ecomerce\wp-content\plugins\woocommerce\includes\libraries\wp-background-process.php(447): WP_Background_Process->handle()
#5 C:\xampp\htdocs\ecomerce\wp-includes\class-wp-hook.php(308): WP_Background_Process->handle_cron_healthcheck()
#6 C:\xampp\htdocs\ecomerce\wp-includes\class-wp-hook.php(332): WP_Hook->apply_filters('', Array)
#7 C:\xampp\htdocs\ecomerce\wp-includes\plugin.php(565): WP_Hook->do_action(Array)
#8 C:\xampp\htdocs\ecomerce\wp-cron.php(188): do_action_ref_array('wp_image_proces...', Array)
#9 {main}
  thrown in C:\xampp\htdocs\ecomerce\wp-content\plugins\elementor\core\base\document.php on line 943

2022-11-30T09:32:08+00:00 CRITICAL Uncaught Exception: Invalid data: {"data":["Array","Array","Array"],"element":"Array"} in C:\xampp\htdocs\ecomerce\wp-content\plugins\elementor\core\base\document.php:943
Stack trace:
#0 C:\xampp\htdocs\ecomerce\wp-content\plugins\astra-sites\inc\importers\batch-processing\class-astra-sites-batch-processing-elementor.php(122): Elementor\Core\Base\Document->get_elements_raw_data(Array, true)
#1 C:\xampp\htdocs\ecomerce\wp-content\plugins\astra-sites\inc\importers\batch-processing\class-astra-sites-batch-processing-elementor.php(66): Elementor\TemplateLibrary\Astra_Sites_Batch_Processing_Elementor->import_single_post(10)
#2 C:\xampp\htdocs\ecomerce\wp-content\plugins\astra-sites\inc\importers\batch-processing\helpers\class-wp-background-process-astra.php(41): Elementor\TemplateLibrary\Astra_Sites_Batch_Processing_Elementor->import()
#3 C:\xampp\htdocs\ecomerce\wp-content\plugins\woocommerce\includes\libraries\wp-background-process.php(301): WP_Background_Process_Astra->task(Object(Elementor\TemplateLibrary\Astra_Sites_Batch_Processing_Elementor))
#4 C:\xampp\htdocs\ecomerce\wp-content\plugins\woocommerce\includes\libraries\wp-background-process.php(447): WP_Background_Process->handle()
#5 C:\xampp\htdocs\ecomerce\wp-includes\class-wp-hook.php(308): WP_Background_Process->handle_cron_healthcheck()
#6 C:\xampp\htdocs\ecomerce\wp-includes\class-wp-hook.php(332): WP_Hook->apply_filters('', Array)
#7 C:\xampp\htdocs\ecomerce\wp-includes\plugin.php(565): WP_Hook->do_action(Array)
#8 C:\xampp\htdocs\ecomerce\wp-cron.php(188): do_action_ref_array('wp_image_proces...', Array)
#9 {main}
  thrown in C:\xampp\htdocs\ecomerce\wp-content\plugins\elementor\core\base\document.php on line 943

2022-11-30T09:36:59+00:00 CRITICAL Uncaught Exception: Invalid data: {"data":["Array","Array","Array"],"element":"Array"} in C:\xampp\htdocs\ecomerce\wp-content\plugins\elementor\core\base\document.php:943
Stack trace:
#0 C:\xampp\htdocs\ecomerce\wp-content\plugins\astra-sites\inc\importers\batch-processing\class-astra-sites-batch-processing-elementor.php(122): Elementor\Core\Base\Document->get_elements_raw_data(Array, true)
#1 C:\xampp\htdocs\ecomerce\wp-content\plugins\astra-sites\inc\importers\batch-processing\class-astra-sites-batch-processing-elementor.php(66): Elementor\TemplateLibrary\Astra_Sites_Batch_Processing_Elementor->import_single_post(10)
#2 C:\xampp\htdocs\ecomerce\wp-content\plugins\astra-sites\inc\importers\batch-processing\helpers\class-wp-background-process-astra.php(41): Elementor\TemplateLibrary\Astra_Sites_Batch_Processing_Elementor->import()
#3 C:\xampp\htdocs\ecomerce\wp-content\plugins\woocommerce\includes\libraries\wp-background-process.php(301): WP_Background_Process_Astra->task(Object(Elementor\TemplateLibrary\Astra_Sites_Batch_Processing_Elementor))
#4 C:\xampp\htdocs\ecomerce\wp-content\plugins\woocommerce\includes\libraries\wp-background-process.php(447): WP_Background_Process->handle()
#5 C:\xampp\htdocs\ecomerce\wp-includes\class-wp-hook.php(308): WP_Background_Process->handle_cron_healthcheck()
#6 C:\xampp\htdocs\ecomerce\wp-includes\class-wp-hook.php(332): WP_Hook->apply_filters('', Array)
#7 C:\xampp\htdocs\ecomerce\wp-includes\plugin.php(565): WP_Hook->do_action(Array)
#8 C:\xampp\htdocs\ecomerce\wp-cron.php(188): do_action_ref_array('wp_image_proces...', Array)
#9 {main}
  thrown in C:\xampp\htdocs\ecomerce\wp-content\plugins\elementor\core\base\document.php on line 943

2022-11-30T09:42:50+00:00 CRITICAL Uncaught Exception: Invalid data: {"data":["Array","Array","Array"],"element":"Array"} in C:\xampp\htdocs\ecomerce\wp-content\plugins\elementor\core\base\document.php:943
Stack trace:
#0 C:\xampp\htdocs\ecomerce\wp-content\plugins\astra-sites\inc\importers\batch-processing\class-astra-sites-batch-processing-elementor.php(122): Elementor\Core\Base\Document->get_elements_raw_data(Array, true)
#1 C:\xampp\htdocs\ecomerce\wp-content\plugins\astra-sites\inc\importers\batch-processing\class-astra-sites-batch-processing-elementor.php(66): Elementor\TemplateLibrary\Astra_Sites_Batch_Processing_Elementor->import_single_post(10)
#2 C:\xampp\htdocs\ecomerce\wp-content\plugins\astra-sites\inc\importers\batch-processing\helpers\class-wp-background-process-astra.php(41): Elementor\TemplateLibrary\Astra_Sites_Batch_Processing_Elementor->import()
#3 C:\xampp\htdocs\ecomerce\wp-content\plugins\woocommerce\includes\libraries\wp-background-process.php(301): WP_Background_Process_Astra->task(Object(Elementor\TemplateLibrary\Astra_Sites_Batch_Processing_Elementor))
#4 C:\xampp\htdocs\ecomerce\wp-content\plugins\woocommerce\includes\libraries\wp-background-process.php(447): WP_Background_Process->handle()
#5 C:\xampp\htdocs\ecomerce\wp-includes\class-wp-hook.php(308): WP_Background_Process->handle_cron_healthcheck()
#6 C:\xampp\htdocs\ecomerce\wp-includes\class-wp-hook.php(332): WP_Hook->apply_filters('', Array)
#7 C:\xampp\htdocs\ecomerce\wp-includes\plugin.php(565): WP_Hook->do_action(Array)
#8 C:\xampp\htdocs\ecomerce\wp-cron.php(188): do_action_ref_array('wp_image_proces...', Array)
#9 {main}
  thrown in C:\xampp\htdocs\ecomerce\wp-content\plugins\elementor\core\base\document.php on line 943

2022-11-30T10:50:39+00:00 CRITICAL Uncaught Exception: Invalid data: {"data":["Array","Array","Array"],"element":"Array"} in C:\xampp\htdocs\ecomerce\wp-content\plugins\elementor\core\base\document.php:943
Stack trace:
#0 C:\xampp\htdocs\ecomerce\wp-content\plugins\astra-sites\inc\importers\batch-processing\class-astra-sites-batch-processing-elementor.php(122): Elementor\Core\Base\Document->get_elements_raw_data(Array, true)
#1 C:\xampp\htdocs\ecomerce\wp-content\plugins\astra-sites\inc\importers\batch-processing\class-astra-sites-batch-processing-elementor.php(66): Elementor\TemplateLibrary\Astra_Sites_Batch_Processing_Elementor->import_single_post(10)
#2 C:\xampp\htdocs\ecomerce\wp-content\plugins\astra-sites\inc\importers\batch-processing\helpers\class-wp-background-process-astra.php(41): Elementor\TemplateLibrary\Astra_Sites_Batch_Processing_Elementor->import()
#3 C:\xampp\htdocs\ecomerce\wp-content\plugins\woocommerce\includes\libraries\wp-background-process.php(301): WP_Background_Process_Astra->task(Object(Elementor\TemplateLibrary\Astra_Sites_Batch_Processing_Elementor))
#4 C:\xampp\htdocs\ecomerce\wp-content\plugins\woocommerce\includes\libraries\wp-background-process.php(447): WP_Background_Process->handle()
#5 C:\xampp\htdocs\ecomerce\wp-includes\class-wp-hook.php(308): WP_Background_Process->handle_cron_healthcheck()
#6 C:\xampp\htdocs\ecomerce\wp-includes\class-wp-hook.php(332): WP_Hook->apply_filters('', Array)
#7 C:\xampp\htdocs\ecomerce\wp-includes\plugin.php(565): WP_Hook->do_action(Array)
#8 C:\xampp\htdocs\ecomerce\wp-cron.php(188): do_action_ref_array('wp_image_proces...', Array)
#9 {main}
  thrown in C:\xampp\htdocs\ecomerce\wp-content\plugins\elementor\core\base\document.php on line 943

2022-11-30T10:52:32+00:00 CRITICAL Uncaught Exception: Invalid data: {"data":["Array","Array","Array"],"element":"Array"} in C:\xampp\htdocs\ecomerce\wp-content\plugins\elementor\core\base\document.php:943
Stack trace:
#0 C:\xampp\htdocs\ecomerce\wp-content\plugins\astra-sites\inc\importers\batch-processing\class-astra-sites-batch-processing-elementor.php(122): Elementor\Core\Base\Document->get_elements_raw_data(Array, true)
#1 C:\xampp\htdocs\ecomerce\wp-content\plugins\astra-sites\inc\importers\batch-processing\class-astra-sites-batch-processing-elementor.php(66): Elementor\TemplateLibrary\Astra_Sites_Batch_Processing_Elementor->import_single_post(10)
#2 C:\xampp\htdocs\ecomerce\wp-content\plugins\astra-sites\inc\importers\batch-processing\helpers\class-wp-background-process-astra.php(41): Elementor\TemplateLibrary\Astra_Sites_Batch_Processing_Elementor->import()
#3 C:\xampp\htdocs\ecomerce\wp-content\plugins\woocommerce\includes\libraries\wp-background-process.php(301): WP_Background_Process_Astra->task(Object(Elementor\TemplateLibrary\Astra_Sites_Batch_Processing_Elementor))
#4 C:\xampp\htdocs\ecomerce\wp-content\plugins\woocommerce\includes\libraries\wp-background-process.php(447): WP_Background_Process->handle()
#5 C:\xampp\htdocs\ecomerce\wp-includes\class-wp-hook.php(308): WP_Background_Process->handle_cron_healthcheck()
#6 C:\xampp\htdocs\ecomerce\wp-includes\class-wp-hook.php(332): WP_Hook->apply_filters('', Array)
#7 C:\xampp\htdocs\ecomerce\wp-includes\plugin.php(565): WP_Hook->do_action(Array)
#8 C:\xampp\htdocs\ecomerce\wp-cron.php(188): do_action_ref_array('wp_image_proces...', Array)
#9 {main}
  thrown in C:\xampp\htdocs\ecomerce\wp-content\plugins\elementor\core\base\document.php on line 943

2022-11-30T10:57:29+00:00 CRITICAL Uncaught Exception: Invalid data: {"data":["Array","Array","Array"],"element":"Array"} in C:\xampp\htdocs\ecomerce\wp-content\plugins\elementor\core\base\document.php:943
Stack trace:
#0 C:\xampp\htdocs\ecomerce\wp-content\plugins\astra-sites\inc\importers\batch-processing\class-astra-sites-batch-processing-elementor.php(122): Elementor\Core\Base\Document->get_elements_raw_data(Array, true)
#1 C:\xampp\htdocs\ecomerce\wp-content\plugins\astra-sites\inc\importers\batch-processing\class-astra-sites-batch-processing-elementor.php(66): Elementor\TemplateLibrary\Astra_Sites_Batch_Processing_Elementor->import_single_post(10)
#2 C:\xampp\htdocs\ecomerce\wp-content\plugins\astra-sites\inc\importers\batch-processing\helpers\class-wp-background-process-astra.php(41): Elementor\TemplateLibrary\Astra_Sites_Batch_Processing_Elementor->import()
#3 C:\xampp\htdocs\ecomerce\wp-content\plugins\woocommerce\includes\libraries\wp-background-process.php(301): WP_Background_Process_Astra->task(Object(Elementor\TemplateLibrary\Astra_Sites_Batch_Processing_Elementor))
#4 C:\xampp\htdocs\ecomerce\wp-content\plugins\woocommerce\includes\libraries\wp-background-process.php(447): WP_Background_Process->handle()
#5 C:\xampp\htdocs\ecomerce\wp-includes\class-wp-hook.php(308): WP_Background_Process->handle_cron_healthcheck()
#6 C:\xampp\htdocs\ecomerce\wp-includes\class-wp-hook.php(332): WP_Hook->apply_filters('', Array)
#7 C:\xampp\htdocs\ecomerce\wp-includes\plugin.php(565): WP_Hook->do_action(Array)
#8 C:\xampp\htdocs\ecomerce\wp-cron.php(188): do_action_ref_array('wp_image_proces...', Array)
#9 {main}
  thrown in C:\xampp\htdocs\ecomerce\wp-content\plugins\elementor\core\base\document.php on line 943

2022-11-30T11:02:59+00:00 CRITICAL Uncaught Exception: Invalid data: {"data":["Array","Array","Array"],"element":"Array"} in C:\xampp\htdocs\ecomerce\wp-content\plugins\elementor\core\base\document.php:943
Stack trace:
#0 C:\xampp\htdocs\ecomerce\wp-content\plugins\astra-sites\inc\importers\batch-processing\class-astra-sites-batch-processing-elementor.php(122): Elementor\Core\Base\Document->get_elements_raw_data(Array, true)
#1 C:\xampp\htdocs\ecomerce\wp-content\plugins\astra-sites\inc\importers\batch-processing\class-astra-sites-batch-processing-elementor.php(66): Elementor\TemplateLibrary\Astra_Sites_Batch_Processing_Elementor->import_single_post(10)
#2 C:\xampp\htdocs\ecomerce\wp-content\plugins\astra-sites\inc\importers\batch-processing\helpers\class-wp-background-process-astra.php(41): Elementor\TemplateLibrary\Astra_Sites_Batch_Processing_Elementor->import()
#3 C:\xampp\htdocs\ecomerce\wp-content\plugins\woocommerce\includes\libraries\wp-background-process.php(301): WP_Background_Process_Astra->task(Object(Elementor\TemplateLibrary\Astra_Sites_Batch_Processing_Elementor))
#4 C:\xampp\htdocs\ecomerce\wp-content\plugins\woocommerce\includes\libraries\wp-background-process.php(447): WP_Background_Process->handle()
#5 C:\xampp\htdocs\ecomerce\wp-includes\class-wp-hook.php(308): WP_Background_Process->handle_cron_healthcheck()
#6 C:\xampp\htdocs\ecomerce\wp-includes\class-wp-hook.php(332): WP_Hook->apply_filters('', Array)
#7 C:\xampp\htdocs\ecomerce\wp-includes\plugin.php(565): WP_Hook->do_action(Array)
#8 C:\xampp\htdocs\ecomerce\wp-cron.php(188): do_action_ref_array('wp_image_proces...', Array)
#9 {main}
  thrown in C:\xampp\htdocs\ecomerce\wp-content\plugins\elementor\core\base\document.php on line 943

2022-11-30T11:07:32+00:00 CRITICAL Uncaught Exception: Invalid data: {"data":["Array","Array","Array"],"element":"Array"} in C:\xampp\htdocs\ecomerce\wp-content\plugins\elementor\core\base\document.php:943
Stack trace:
#0 C:\xampp\htdocs\ecomerce\wp-content\plugins\astra-sites\inc\importers\batch-processing\class-astra-sites-batch-processing-elementor.php(122): Elementor\Core\Base\Document->get_elements_raw_data(Array, true)
#1 C:\xampp\htdocs\ecomerce\wp-content\plugins\astra-sites\inc\importers\batch-processing\class-astra-sites-batch-processing-elementor.php(66): Elementor\TemplateLibrary\Astra_Sites_Batch_Processing_Elementor->import_single_post(10)
#2 C:\xampp\htdocs\ecomerce\wp-content\plugins\astra-sites\inc\importers\batch-processing\helpers\class-wp-background-process-astra.php(41): Elementor\TemplateLibrary\Astra_Sites_Batch_Processing_Elementor->import()
#3 C:\xampp\htdocs\ecomerce\wp-content\plugins\woocommerce\includes\libraries\wp-background-process.php(301): WP_Background_Process_Astra->task(Object(Elementor\TemplateLibrary\Astra_Sites_Batch_Processing_Elementor))
#4 C:\xampp\htdocs\ecomerce\wp-content\plugins\woocommerce\includes\libraries\wp-background-process.php(447): WP_Background_Process->handle()
#5 C:\xampp\htdocs\ecomerce\wp-includes\class-wp-hook.php(308): WP_Background_Process->handle_cron_healthcheck()
#6 C:\xampp\htdocs\ecomerce\wp-includes\class-wp-hook.php(332): WP_Hook->apply_filters('', Array)
#7 C:\xampp\htdocs\ecomerce\wp-includes\plugin.php(565): WP_Hook->do_action(Array)
#8 C:\xampp\htdocs\ecomerce\wp-cron.php(188): do_action_ref_array('wp_image_proces...', Array)
#9 {main}
  thrown in C:\xampp\htdocs\ecomerce\wp-content\plugins\elementor\core\base\document.php on line 943

2022-11-30T11:12:47+00:00 CRITICAL Uncaught Exception: Invalid data: {"data":["Array","Array","Array"],"element":"Array"} in C:\xampp\htdocs\ecomerce\wp-content\plugins\elementor\core\base\document.php:943
Stack trace:
#0 C:\xampp\htdocs\ecomerce\wp-content\plugins\astra-sites\inc\importers\batch-processing\class-astra-sites-batch-processing-elementor.php(122): Elementor\Core\Base\Document->get_elements_raw_data(Array, true)
#1 C:\xampp\htdocs\ecomerce\wp-content\plugins\astra-sites\inc\importers\batch-processing\class-astra-sites-batch-processing-elementor.php(66): Elementor\TemplateLibrary\Astra_Sites_Batch_Processing_Elementor->import_single_post(10)
#2 C:\xampp\htdocs\ecomerce\wp-content\plugins\astra-sites\inc\importers\batch-processing\helpers\class-wp-background-process-astra.php(41): Elementor\TemplateLibrary\Astra_Sites_Batch_Processing_Elementor->import()
#3 C:\xampp\htdocs\ecomerce\wp-content\plugins\woocommerce\includes\libraries\wp-background-process.php(301): WP_Background_Process_Astra->task(Object(Elementor\TemplateLibrary\Astra_Sites_Batch_Processing_Elementor))
#4 C:\xampp\htdocs\ecomerce\wp-content\plugins\woocommerce\includes\libraries\wp-background-process.php(447): WP_Background_Process->handle()
#5 C:\xampp\htdocs\ecomerce\wp-includes\class-wp-hook.php(308): WP_Background_Process->handle_cron_healthcheck()
#6 C:\xampp\htdocs\ecomerce\wp-includes\class-wp-hook.php(332): WP_Hook->apply_filters('', Array)
#7 C:\xampp\htdocs\ecomerce\wp-includes\plugin.php(565): WP_Hook->do_action(Array)
#8 C:\xampp\htdocs\ecomerce\wp-cron.php(188): do_action_ref_array('wp_image_proces...', Array)
#9 {main}
  thrown in C:\xampp\htdocs\ecomerce\wp-content\plugins\elementor\core\base\document.php on line 943

2022-11-30T11:17:07+00:00 CRITICAL Uncaught Exception: Invalid data: {"data":["Array","Array","Array"],"element":"Array"} in C:\xampp\htdocs\ecomerce\wp-content\plugins\elementor\core\base\document.php:943
Stack trace:
#0 C:\xampp\htdocs\ecomerce\wp-content\plugins\astra-sites\inc\importers\batch-processing\class-astra-sites-batch-processing-elementor.php(122): Elementor\Core\Base\Document->get_elements_raw_data(Array, true)
#1 C:\xampp\htdocs\ecomerce\wp-content\plugins\astra-sites\inc\importers\batch-processing\class-astra-sites-batch-processing-elementor.php(66): Elementor\TemplateLibrary\Astra_Sites_Batch_Processing_Elementor->import_single_post(10)
#2 C:\xampp\htdocs\ecomerce\wp-content\plugins\astra-sites\inc\importers\batch-processing\helpers\class-wp-background-process-astra.php(41): Elementor\TemplateLibrary\Astra_Sites_Batch_Processing_Elementor->import()
#3 C:\xampp\htdocs\ecomerce\wp-content\plugins\woocommerce\includes\libraries\wp-background-process.php(301): WP_Background_Process_Astra->task(Object(Elementor\TemplateLibrary\Astra_Sites_Batch_Processing_Elementor))
#4 C:\xampp\htdocs\ecomerce\wp-content\plugins\woocommerce\includes\libraries\wp-background-process.php(447): WP_Background_Process->handle()
#5 C:\xampp\htdocs\ecomerce\wp-includes\class-wp-hook.php(308): WP_Background_Process->handle_cron_healthcheck()
#6 C:\xampp\htdocs\ecomerce\wp-includes\class-wp-hook.php(332): WP_Hook->apply_filters('', Array)
#7 C:\xampp\htdocs\ecomerce\wp-includes\plugin.php(565): WP_Hook->do_action(Array)
#8 C:\xampp\htdocs\ecomerce\wp-cron.php(188): do_action_ref_array('wp_image_proces...', Array)
#9 {main}
  thrown in C:\xampp\htdocs\ecomerce\wp-content\plugins\elementor\core\base\document.php on line 943

2022-11-30T11:22:12+00:00 CRITICAL Uncaught Exception: Invalid data: {"data":["Array","Array","Array"],"element":"Array"} in C:\xampp\htdocs\ecomerce\wp-content\plugins\elementor\core\base\document.php:943
Stack trace:
#0 C:\xampp\htdocs\ecomerce\wp-content\plugins\astra-sites\inc\importers\batch-processing\class-astra-sites-batch-processing-elementor.php(122): Elementor\Core\Base\Document->get_elements_raw_data(Array, true)
#1 C:\xampp\htdocs\ecomerce\wp-content\plugins\astra-sites\inc\importers\batch-processing\class-astra-sites-batch-processing-elementor.php(66): Elementor\TemplateLibrary\Astra_Sites_Batch_Processing_Elementor->import_single_post(10)
#2 C:\xampp\htdocs\ecomerce\wp-content\plugins\astra-sites\inc\importers\batch-processing\helpers\class-wp-background-process-astra.php(41): Elementor\TemplateLibrary\Astra_Sites_Batch_Processing_Elementor->import()
#3 C:\xampp\htdocs\ecomerce\wp-content\plugins\woocommerce\includes\libraries\wp-background-process.php(301): WP_Background_Process_Astra->task(Object(Elementor\TemplateLibrary\Astra_Sites_Batch_Processing_Elementor))
#4 C:\xampp\htdocs\ecomerce\wp-content\plugins\woocommerce\includes\libraries\wp-background-process.php(447): WP_Background_Process->handle()
#5 C:\xampp\htdocs\ecomerce\wp-includes\class-wp-hook.php(308): WP_Background_Process->handle_cron_healthcheck()
#6 C:\xampp\htdocs\ecomerce\wp-includes\class-wp-hook.php(332): WP_Hook->apply_filters('', Array)
#7 C:\xampp\htdocs\ecomerce\wp-includes\plugin.php(565): WP_Hook->do_action(Array)
#8 C:\xampp\htdocs\ecomerce\wp-cron.php(188): do_action_ref_array('wp_image_proces...', Array)
#9 {main}
  thrown in C:\xampp\htdocs\ecomerce\wp-content\plugins\elementor\core\base\document.php on line 943

2022-11-30T11:27:32+00:00 CRITICAL Uncaught Exception: Invalid data: {"data":["Array","Array","Array"],"element":"Array"} in C:\xampp\htdocs\ecomerce\wp-content\plugins\elementor\core\base\document.php:943
Stack trace:
#0 C:\xampp\htdocs\ecomerce\wp-content\plugins\astra-sites\inc\importers\batch-processing\class-astra-sites-batch-processing-elementor.php(122): Elementor\Core\Base\Document->get_elements_raw_data(Array, true)
#1 C:\xampp\htdocs\ecomerce\wp-content\plugins\astra-sites\inc\importers\batch-processing\class-astra-sites-batch-processing-elementor.php(66): Elementor\TemplateLibrary\Astra_Sites_Batch_Processing_Elementor->import_single_post(10)
#2 C:\xampp\htdocs\ecomerce\wp-content\plugins\astra-sites\inc\importers\batch-processing\helpers\class-wp-background-process-astra.php(41): Elementor\TemplateLibrary\Astra_Sites_Batch_Processing_Elementor->import()
#3 C:\xampp\htdocs\ecomerce\wp-content\plugins\woocommerce\includes\libraries\wp-background-process.php(301): WP_Background_Process_Astra->task(Object(Elementor\TemplateLibrary\Astra_Sites_Batch_Processing_Elementor))
#4 C:\xampp\htdocs\ecomerce\wp-content\plugins\woocommerce\includes\libraries\wp-background-process.php(447): WP_Background_Process->handle()
#5 C:\xampp\htdocs\ecomerce\wp-includes\class-wp-hook.php(308): WP_Background_Process->handle_cron_healthcheck()
#6 C:\xampp\htdocs\ecomerce\wp-includes\class-wp-hook.php(332): WP_Hook->apply_filters('', Array)
#7 C:\xampp\htdocs\ecomerce\wp-includes\plugin.php(565): WP_Hook->do_action(Array)
#8 C:\xampp\htdocs\ecomerce\wp-cron.php(188): do_action_ref_array('wp_image_proces...', Array)
#9 {main}
  thrown in C:\xampp\htdocs\ecomerce\wp-content\plugins\elementor\core\base\document.php on line 943

2022-11-30T11:32:04+00:00 CRITICAL Uncaught Exception: Invalid data: {"data":["Array","Array","Array"],"element":"Array"} in C:\xampp\htdocs\ecomerce\wp-content\plugins\elementor\core\base\document.php:943
Stack trace:
#0 C:\xampp\htdocs\ecomerce\wp-content\plugins\astra-sites\inc\importers\batch-processing\class-astra-sites-batch-processing-elementor.php(122): Elementor\Core\Base\Document->get_elements_raw_data(Array, true)
#1 C:\xampp\htdocs\ecomerce\wp-content\plugins\astra-sites\inc\importers\batch-processing\class-astra-sites-batch-processing-elementor.php(66): Elementor\TemplateLibrary\Astra_Sites_Batch_Processing_Elementor->import_single_post(10)
#2 C:\xampp\htdocs\ecomerce\wp-content\plugins\astra-sites\inc\importers\batch-processing\helpers\class-wp-background-process-astra.php(41): Elementor\TemplateLibrary\Astra_Sites_Batch_Processing_Elementor->import()
#3 C:\xampp\htdocs\ecomerce\wp-content\plugins\woocommerce\includes\libraries\wp-background-process.php(301): WP_Background_Process_Astra->task(Object(Elementor\TemplateLibrary\Astra_Sites_Batch_Processing_Elementor))
#4 C:\xampp\htdocs\ecomerce\wp-content\plugins\woocommerce\includes\libraries\wp-background-process.php(447): WP_Background_Process->handle()
#5 C:\xampp\htdocs\ecomerce\wp-includes\class-wp-hook.php(308): WP_Background_Process->handle_cron_healthcheck()
#6 C:\xampp\htdocs\ecomerce\wp-includes\class-wp-hook.php(332): WP_Hook->apply_filters('', Array)
#7 C:\xampp\htdocs\ecomerce\wp-includes\plugin.php(565): WP_Hook->do_action(Array)
#8 C:\xampp\htdocs\ecomerce\wp-cron.php(188): do_action_ref_array('wp_image_proces...', Array)
#9 {main}
  thrown in C:\xampp\htdocs\ecomerce\wp-content\plugins\elementor\core\base\document.php on line 943

2022-11-30T11:38:05+00:00 CRITICAL Uncaught Exception: Invalid data: {"data":["Array","Array","Array"],"element":"Array"} in C:\xampp\htdocs\ecomerce\wp-content\plugins\elementor\core\base\document.php:943
Stack trace:
#0 C:\xampp\htdocs\ecomerce\wp-content\plugins\astra-sites\inc\importers\batch-processing\class-astra-sites-batch-processing-elementor.php(122): Elementor\Core\Base\Document->get_elements_raw_data(Array, true)
#1 C:\xampp\htdocs\ecomerce\wp-content\plugins\astra-sites\inc\importers\batch-processing\class-astra-sites-batch-processing-elementor.php(66): Elementor\TemplateLibrary\Astra_Sites_Batch_Processing_Elementor->import_single_post(10)
#2 C:\xampp\htdocs\ecomerce\wp-content\plugins\astra-sites\inc\importers\batch-processing\helpers\class-wp-background-process-astra.php(41): Elementor\TemplateLibrary\Astra_Sites_Batch_Processing_Elementor->import()
#3 C:\xampp\htdocs\ecomerce\wp-content\plugins\woocommerce\includes\libraries\wp-background-process.php(301): WP_Background_Process_Astra->task(Object(Elementor\TemplateLibrary\Astra_Sites_Batch_Processing_Elementor))
#4 C:\xampp\htdocs\ecomerce\wp-content\plugins\woocommerce\includes\libraries\wp-background-process.php(447): WP_Background_Process->handle()
#5 C:\xampp\htdocs\ecomerce\wp-includes\class-wp-hook.php(308): WP_Background_Process->handle_cron_healthcheck()
#6 C:\xampp\htdocs\ecomerce\wp-includes\class-wp-hook.php(332): WP_Hook->apply_filters('', Array)
#7 C:\xampp\htdocs\ecomerce\wp-includes\plugin.php(565): WP_Hook->do_action(Array)
#8 C:\xampp\htdocs\ecomerce\wp-cron.php(188): do_action_ref_array('wp_image_proces...', Array)
#9 {main}
  thrown in C:\xampp\htdocs\ecomerce\wp-content\plugins\elementor\core\base\document.php on line 943

2022-11-30T11:42:05+00:00 CRITICAL Uncaught Exception: Invalid data: {"data":["Array","Array","Array"],"element":"Array"} in C:\xampp\htdocs\ecomerce\wp-content\plugins\elementor\core\base\document.php:943
Stack trace:
#0 C:\xampp\htdocs\ecomerce\wp-content\plugins\astra-sites\inc\importers\batch-processing\class-astra-sites-batch-processing-elementor.php(122): Elementor\Core\Base\Document->get_elements_raw_data(Array, true)
#1 C:\xampp\htdocs\ecomerce\wp-content\plugins\astra-sites\inc\importers\batch-processing\class-astra-sites-batch-processing-elementor.php(66): Elementor\TemplateLibrary\Astra_Sites_Batch_Processing_Elementor->import_single_post(10)
#2 C:\xampp\htdocs\ecomerce\wp-content\plugins\astra-sites\inc\importers\batch-processing\helpers\class-wp-background-process-astra.php(41): Elementor\TemplateLibrary\Astra_Sites_Batch_Processing_Elementor->import()
#3 C:\xampp\htdocs\ecomerce\wp-content\plugins\woocommerce\includes\libraries\wp-background-process.php(301): WP_Background_Process_Astra->task(Object(Elementor\TemplateLibrary\Astra_Sites_Batch_Processing_Elementor))
#4 C:\xampp\htdocs\ecomerce\wp-content\plugins\woocommerce\includes\libraries\wp-background-process.php(447): WP_Background_Process->handle()
#5 C:\xampp\htdocs\ecomerce\wp-includes\class-wp-hook.php(308): WP_Background_Process->handle_cron_healthcheck()
#6 C:\xampp\htdocs\ecomerce\wp-includes\class-wp-hook.php(332): WP_Hook->apply_filters('', Array)
#7 C:\xampp\htdocs\ecomerce\wp-includes\plugin.php(565): WP_Hook->do_action(Array)
#8 C:\xampp\htdocs\ecomerce\wp-cron.php(188): do_action_ref_array('wp_image_proces...', Array)
#9 {main}
  thrown in C:\xampp\htdocs\ecomerce\wp-content\plugins\elementor\core\base\document.php on line 943

2022-11-30T11:47:05+00:00 CRITICAL Uncaught Exception: Invalid data: {"data":["Array","Array","Array"],"element":"Array"} in C:\xampp\htdocs\ecomerce\wp-content\plugins\elementor\core\base\document.php:943
Stack trace:
#0 C:\xampp\htdocs\ecomerce\wp-content\plugins\astra-sites\inc\importers\batch-processing\class-astra-sites-batch-processing-elementor.php(122): Elementor\Core\Base\Document->get_elements_raw_data(Array, true)
#1 C:\xampp\htdocs\ecomerce\wp-content\plugins\astra-sites\inc\importers\batch-processing\class-astra-sites-batch-processing-elementor.php(66): Elementor\TemplateLibrary\Astra_Sites_Batch_Processing_Elementor->import_single_post(10)
#2 C:\xampp\htdocs\ecomerce\wp-content\plugins\astra-sites\inc\importers\batch-processing\helpers\class-wp-background-process-astra.php(41): Elementor\TemplateLibrary\Astra_Sites_Batch_Processing_Elementor->import()
#3 C:\xampp\htdocs\ecomerce\wp-content\plugins\woocommerce\includes\libraries\wp-background-process.php(301): WP_Background_Process_Astra->task(Object(Elementor\TemplateLibrary\Astra_Sites_Batch_Processing_Elementor))
#4 C:\xampp\htdocs\ecomerce\wp-content\plugins\woocommerce\includes\libraries\wp-background-process.php(447): WP_Background_Process->handle()
#5 C:\xampp\htdocs\ecomerce\wp-includes\class-wp-hook.php(308): WP_Background_Process->handle_cron_healthcheck()
#6 C:\xampp\htdocs\ecomerce\wp-includes\class-wp-hook.php(332): WP_Hook->apply_filters('', Array)
#7 C:\xampp\htdocs\ecomerce\wp-includes\plugin.php(565): WP_Hook->do_action(Array)
#8 C:\xampp\htdocs\ecomerce\wp-cron.php(188): do_action_ref_array('wp_image_proces...', Array)
#9 {main}
  thrown in C:\xampp\htdocs\ecomerce\wp-content\plugins\elementor\core\base\document.php on line 943

2022-11-30T11:52:05+00:00 CRITICAL Uncaught Exception: Invalid data: {"data":["Array","Array","Array"],"element":"Array"} in C:\xampp\htdocs\ecomerce\wp-content\plugins\elementor\core\base\document.php:943
Stack trace:
#0 C:\xampp\htdocs\ecomerce\wp-content\plugins\astra-sites\inc\importers\batch-processing\class-astra-sites-batch-processing-elementor.php(122): Elementor\Core\Base\Document->get_elements_raw_data(Array, true)
#1 C:\xampp\htdocs\ecomerce\wp-content\plugins\astra-sites\inc\importers\batch-processing\class-astra-sites-batch-processing-elementor.php(66): Elementor\TemplateLibrary\Astra_Sites_Batch_Processing_Elementor->import_single_post(10)
#2 C:\xampp\htdocs\ecomerce\wp-content\plugins\astra-sites\inc\importers\batch-processing\helpers\class-wp-background-process-astra.php(41): Elementor\TemplateLibrary\Astra_Sites_Batch_Processing_Elementor->import()
#3 C:\xampp\htdocs\ecomerce\wp-content\plugins\woocommerce\includes\libraries\wp-background-process.php(301): WP_Background_Process_Astra->task(Object(Elementor\TemplateLibrary\Astra_Sites_Batch_Processing_Elementor))
#4 C:\xampp\htdocs\ecomerce\wp-content\plugins\woocommerce\includes\libraries\wp-background-process.php(447): WP_Background_Process->handle()
#5 C:\xampp\htdocs\ecomerce\wp-includes\class-wp-hook.php(308): WP_Background_Process->handle_cron_healthcheck()
#6 C:\xampp\htdocs\ecomerce\wp-includes\class-wp-hook.php(332): WP_Hook->apply_filters('', Array)
#7 C:\xampp\htdocs\ecomerce\wp-includes\plugin.php(565): WP_Hook->do_action(Array)
#8 C:\xampp\htdocs\ecomerce\wp-cron.php(188): do_action_ref_array('wp_image_proces...', Array)
#9 {main}
  thrown in C:\xampp\htdocs\ecomerce\wp-content\plugins\elementor\core\base\document.php on line 943

2022-11-30T11:57:23+00:00 CRITICAL Uncaught Exception: Invalid data: {"data":["Array","Array","Array"],"element":"Array"} in C:\xampp\htdocs\ecomerce\wp-content\plugins\elementor\core\base\document.php:943
Stack trace:
#0 C:\xampp\htdocs\ecomerce\wp-content\plugins\astra-sites\inc\importers\batch-processing\class-astra-sites-batch-processing-elementor.php(122): Elementor\Core\Base\Document->get_elements_raw_data(Array, true)
#1 C:\xampp\htdocs\ecomerce\wp-content\plugins\astra-sites\inc\importers\batch-processing\class-astra-sites-batch-processing-elementor.php(66): Elementor\TemplateLibrary\Astra_Sites_Batch_Processing_Elementor->import_single_post(10)
#2 C:\xampp\htdocs\ecomerce\wp-content\plugins\astra-sites\inc\importers\batch-processing\helpers\class-wp-background-process-astra.php(41): Elementor\TemplateLibrary\Astra_Sites_Batch_Processing_Elementor->import()
#3 C:\xampp\htdocs\ecomerce\wp-content\plugins\woocommerce\includes\libraries\wp-background-process.php(301): WP_Background_Process_Astra->task(Object(Elementor\TemplateLibrary\Astra_Sites_Batch_Processing_Elementor))
#4 C:\xampp\htdocs\ecomerce\wp-content\plugins\woocommerce\includes\libraries\wp-background-process.php(447): WP_Background_Process->handle()
#5 C:\xampp\htdocs\ecomerce\wp-includes\class-wp-hook.php(308): WP_Background_Process->handle_cron_healthcheck()
#6 C:\xampp\htdocs\ecomerce\wp-includes\class-wp-hook.php(332): WP_Hook->apply_filters('', Array)
#7 C:\xampp\htdocs\ecomerce\wp-includes\plugin.php(565): WP_Hook->do_action(Array)
#8 C:\xampp\htdocs\ecomerce\wp-cron.php(188): do_action_ref_array('wp_image_proces...', Array)
#9 {main}
  thrown in C:\xampp\htdocs\ecomerce\wp-content\plugins\elementor\core\base\document.php on line 943

2022-11-30T12:14:55+00:00 CRITICAL Uncaught Exception: Invalid data: {"data":["Array","Array","Array"],"element":"Array"} in C:\xampp\htdocs\ecomerce\wp-content\plugins\elementor\core\base\document.php:943
Stack trace:
#0 C:\xampp\htdocs\ecomerce\wp-content\plugins\astra-sites\inc\importers\batch-processing\class-astra-sites-batch-processing-elementor.php(122): Elementor\Core\Base\Document->get_elements_raw_data(Array, true)
#1 C:\xampp\htdocs\ecomerce\wp-content\plugins\astra-sites\inc\importers\batch-processing\class-astra-sites-batch-processing-elementor.php(66): Elementor\TemplateLibrary\Astra_Sites_Batch_Processing_Elementor->import_single_post(10)
#2 C:\xampp\htdocs\ecomerce\wp-content\plugins\astra-sites\inc\importers\batch-processing\helpers\class-wp-background-process-astra.php(41): Elementor\TemplateLibrary\Astra_Sites_Batch_Processing_Elementor->import()
#3 C:\xampp\htdocs\ecomerce\wp-content\plugins\woocommerce\includes\libraries\wp-background-process.php(301): WP_Background_Process_Astra->task(Object(Elementor\TemplateLibrary\Astra_Sites_Batch_Processing_Elementor))
#4 C:\xampp\htdocs\ecomerce\wp-content\plugins\woocommerce\includes\libraries\wp-background-process.php(447): WP_Background_Process->handle()
#5 C:\xampp\htdocs\ecomerce\wp-includes\class-wp-hook.php(308): WP_Background_Process->handle_cron_healthcheck()
#6 C:\xampp\htdocs\ecomerce\wp-includes\class-wp-hook.php(332): WP_Hook->apply_filters('', Array)
#7 C:\xampp\htdocs\ecomerce\wp-includes\plugin.php(565): WP_Hook->do_action(Array)
#8 C:\xampp\htdocs\ecomerce\wp-cron.php(188): do_action_ref_array('wp_image_proces...', Array)
#9 {main}
  thrown in C:\xampp\htdocs\ecomerce\wp-content\plugins\elementor\core\base\document.php on line 943

2022-11-30T12:17:03+00:00 CRITICAL Uncaught Exception: Invalid data: {"data":["Array","Array","Array"],"element":"Array"} in C:\xampp\htdocs\ecomerce\wp-content\plugins\elementor\core\base\document.php:943
Stack trace:
#0 C:\xampp\htdocs\ecomerce\wp-content\plugins\astra-sites\inc\importers\batch-processing\class-astra-sites-batch-processing-elementor.php(122): Elementor\Core\Base\Document->get_elements_raw_data(Array, true)
#1 C:\xampp\htdocs\ecomerce\wp-content\plugins\astra-sites\inc\importers\batch-processing\class-astra-sites-batch-processing-elementor.php(66): Elementor\TemplateLibrary\Astra_Sites_Batch_Processing_Elementor->import_single_post(10)
#2 C:\xampp\htdocs\ecomerce\wp-content\plugins\astra-sites\inc\importers\batch-processing\helpers\class-wp-background-process-astra.php(41): Elementor\TemplateLibrary\Astra_Sites_Batch_Processing_Elementor->import()
#3 C:\xampp\htdocs\ecomerce\wp-content\plugins\woocommerce\includes\libraries\wp-background-process.php(301): WP_Background_Process_Astra->task(Object(Elementor\TemplateLibrary\Astra_Sites_Batch_Processing_Elementor))
#4 C:\xampp\htdocs\ecomerce\wp-content\plugins\woocommerce\includes\libraries\wp-background-process.php(447): WP_Background_Process->handle()
#5 C:\xampp\htdocs\ecomerce\wp-includes\class-wp-hook.php(308): WP_Background_Process->handle_cron_healthcheck()
#6 C:\xampp\htdocs\ecomerce\wp-includes\class-wp-hook.php(332): WP_Hook->apply_filters('', Array)
#7 C:\xampp\htdocs\ecomerce\wp-includes\plugin.php(565): WP_Hook->do_action(Array)
#8 C:\xampp\htdocs\ecomerce\wp-cron.php(188): do_action_ref_array('wp_image_proces...', Array)
#9 {main}
  thrown in C:\xampp\htdocs\ecomerce\wp-content\plugins\elementor\core\base\document.php on line 943

2022-11-30T12:22:11+00:00 CRITICAL Uncaught Exception: Invalid data: {"data":["Array","Array","Array"],"element":"Array"} in C:\xampp\htdocs\ecomerce\wp-content\plugins\elementor\core\base\document.php:943
Stack trace:
#0 C:\xampp\htdocs\ecomerce\wp-content\plugins\astra-sites\inc\importers\batch-processing\class-astra-sites-batch-processing-elementor.php(122): Elementor\Core\Base\Document->get_elements_raw_data(Array, true)
#1 C:\xampp\htdocs\ecomerce\wp-content\plugins\astra-sites\inc\importers\batch-processing\class-astra-sites-batch-processing-elementor.php(66): Elementor\TemplateLibrary\Astra_Sites_Batch_Processing_Elementor->import_single_post(10)
#2 C:\xampp\htdocs\ecomerce\wp-content\plugins\astra-sites\inc\importers\batch-processing\helpers\class-wp-background-process-astra.php(41): Elementor\TemplateLibrary\Astra_Sites_Batch_Processing_Elementor->import()
#3 C:\xampp\htdocs\ecomerce\wp-content\plugins\woocommerce\includes\libraries\wp-background-process.php(301): WP_Background_Process_Astra->task(Object(Elementor\TemplateLibrary\Astra_Sites_Batch_Processing_Elementor))
#4 C:\xampp\htdocs\ecomerce\wp-content\plugins\woocommerce\includes\libraries\wp-background-process.php(447): WP_Background_Process->handle()
#5 C:\xampp\htdocs\ecomerce\wp-includes\class-wp-hook.php(308): WP_Background_Process->handle_cron_healthcheck()
#6 C:\xampp\htdocs\ecomerce\wp-includes\class-wp-hook.php(332): WP_Hook->apply_filters('', Array)
#7 C:\xampp\htdocs\ecomerce\wp-includes\plugin.php(565): WP_Hook->do_action(Array)
#8 C:\xampp\htdocs\ecomerce\wp-cron.php(188): do_action_ref_array('wp_image_proces...', Array)
#9 {main}
  thrown in C:\xampp\htdocs\ecomerce\wp-content\plugins\elementor\core\base\document.php on line 943

2022-11-30T14:49:33+00:00 CRITICAL Uncaught Exception: Invalid data: {"data":["Array","Array","Array"],"element":"Array"} in C:\xampp\htdocs\ecomerce\wp-content\plugins\elementor\core\base\document.php:943
Stack trace:
#0 C:\xampp\htdocs\ecomerce\wp-content\plugins\astra-sites\inc\importers\batch-processing\class-astra-sites-batch-processing-elementor.php(122): Elementor\Core\Base\Document->get_elements_raw_data(Array, true)
#1 C:\xampp\htdocs\ecomerce\wp-content\plugins\astra-sites\inc\importers\batch-processing\class-astra-sites-batch-processing-elementor.php(66): Elementor\TemplateLibrary\Astra_Sites_Batch_Processing_Elementor->import_single_post(10)
#2 C:\xampp\htdocs\ecomerce\wp-content\plugins\astra-sites\inc\importers\batch-processing\helpers\class-wp-background-process-astra.php(41): Elementor\TemplateLibrary\Astra_Sites_Batch_Processing_Elementor->import()
#3 C:\xampp\htdocs\ecomerce\wp-content\plugins\woocommerce\includes\libraries\wp-background-process.php(301): WP_Background_Process_Astra->task(Object(Elementor\TemplateLibrary\Astra_Sites_Batch_Processing_Elementor))
#4 C:\xampp\htdocs\ecomerce\wp-content\plugins\woocommerce\includes\libraries\wp-background-process.php(447): WP_Background_Process->handle()
#5 C:\xampp\htdocs\ecomerce\wp-includes\class-wp-hook.php(308): WP_Background_Process->handle_cron_healthcheck()
#6 C:\xampp\htdocs\ecomerce\wp-includes\class-wp-hook.php(332): WP_Hook->apply_filters('', Array)
#7 C:\xampp\htdocs\ecomerce\wp-includes\plugin.php(565): WP_Hook->do_action(Array)
#8 C:\xampp\htdocs\ecomerce\wp-cron.php(188): do_action_ref_array('wp_image_proces...', Array)
#9 {main}
  thrown in C:\xampp\htdocs\ecomerce\wp-content\plugins\elementor\core\base\document.php on line 943

2022-11-30T14:52:03+00:00 CRITICAL Uncaught Exception: Invalid data: {"data":["Array","Array","Array"],"element":"Array"} in C:\xampp\htdocs\ecomerce\wp-content\plugins\elementor\core\base\document.php:943
Stack trace:
#0 C:\xampp\htdocs\ecomerce\wp-content\plugins\astra-sites\inc\importers\batch-processing\class-astra-sites-batch-processing-elementor.php(122): Elementor\Core\Base\Document->get_elements_raw_data(Array, true)
#1 C:\xampp\htdocs\ecomerce\wp-content\plugins\astra-sites\inc\importers\batch-processing\class-astra-sites-batch-processing-elementor.php(66): Elementor\TemplateLibrary\Astra_Sites_Batch_Processing_Elementor->import_single_post(10)
#2 C:\xampp\htdocs\ecomerce\wp-content\plugins\astra-sites\inc\importers\batch-processing\helpers\class-wp-background-process-astra.php(41): Elementor\TemplateLibrary\Astra_Sites_Batch_Processing_Elementor->import()
#3 C:\xampp\htdocs\ecomerce\wp-content\plugins\woocommerce\includes\libraries\wp-background-process.php(301): WP_Background_Process_Astra->task(Object(Elementor\TemplateLibrary\Astra_Sites_Batch_Processing_Elementor))
#4 C:\xampp\htdocs\ecomerce\wp-content\plugins\woocommerce\includes\libraries\wp-background-process.php(447): WP_Background_Process->handle()
#5 C:\xampp\htdocs\ecomerce\wp-includes\class-wp-hook.php(308): WP_Background_Process->handle_cron_healthcheck()
#6 C:\xampp\htdocs\ecomerce\wp-includes\class-wp-hook.php(332): WP_Hook->apply_filters('', Array)
#7 C:\xampp\htdocs\ecomerce\wp-includes\plugin.php(565): WP_Hook->do_action(Array)
#8 C:\xampp\htdocs\ecomerce\wp-cron.php(188): do_action_ref_array('wp_image_proces...', Array)
#9 {main}
  thrown in C:\xampp\htdocs\ecomerce\wp-content\plugins\elementor\core\base\document.php on line 943

2022-11-30T14:57:03+00:00 CRITICAL Uncaught Exception: Invalid data: {"data":["Array","Array","Array"],"element":"Array"} in C:\xampp\htdocs\ecomerce\wp-content\plugins\elementor\core\base\document.php:943
Stack trace:
#0 C:\xampp\htdocs\ecomerce\wp-content\plugins\astra-sites\inc\importers\batch-processing\class-astra-sites-batch-processing-elementor.php(122): Elementor\Core\Base\Document->get_elements_raw_data(Array, true)
#1 C:\xampp\htdocs\ecomerce\wp-content\plugins\astra-sites\inc\importers\batch-processing\class-astra-sites-batch-processing-elementor.php(66): Elementor\TemplateLibrary\Astra_Sites_Batch_Processing_Elementor->import_single_post(10)
#2 C:\xampp\htdocs\ecomerce\wp-content\plugins\astra-sites\inc\importers\batch-processing\helpers\class-wp-background-process-astra.php(41): Elementor\TemplateLibrary\Astra_Sites_Batch_Processing_Elementor->import()
#3 C:\xampp\htdocs\ecomerce\wp-content\plugins\woocommerce\includes\libraries\wp-background-process.php(301): WP_Background_Process_Astra->task(Object(Elementor\TemplateLibrary\Astra_Sites_Batch_Processing_Elementor))
#4 C:\xampp\htdocs\ecomerce\wp-content\plugins\woocommerce\includes\libraries\wp-background-process.php(447): WP_Background_Process->handle()
#5 C:\xampp\htdocs\ecomerce\wp-includes\class-wp-hook.php(308): WP_Background_Process->handle_cron_healthcheck()
#6 C:\xampp\htdocs\ecomerce\wp-includes\class-wp-hook.php(332): WP_Hook->apply_filters('', Array)
#7 C:\xampp\htdocs\ecomerce\wp-includes\plugin.php(565): WP_Hook->do_action(Array)
#8 C:\xampp\htdocs\ecomerce\wp-cron.php(188): do_action_ref_array('wp_image_proces...', Array)
#9 {main}
  thrown in C:\xampp\htdocs\ecomerce\wp-content\plugins\elementor\core\base\document.php on line 943

2022-11-30T15:02:53+00:00 CRITICAL Uncaught Exception: Invalid data: {"data":["Array","Array","Array"],"element":"Array"} in C:\xampp\htdocs\ecomerce\wp-content\plugins\elementor\core\base\document.php:943
Stack trace:
#0 C:\xampp\htdocs\ecomerce\wp-content\plugins\astra-sites\inc\importers\batch-processing\class-astra-sites-batch-processing-elementor.php(122): Elementor\Core\Base\Document->get_elements_raw_data(Array, true)
#1 C:\xampp\htdocs\ecomerce\wp-content\plugins\astra-sites\inc\importers\batch-processing\class-astra-sites-batch-processing-elementor.php(66): Elementor\TemplateLibrary\Astra_Sites_Batch_Processing_Elementor->import_single_post(10)
#2 C:\xampp\htdocs\ecomerce\wp-content\plugins\astra-sites\inc\importers\batch-processing\helpers\class-wp-background-process-astra.php(41): Elementor\TemplateLibrary\Astra_Sites_Batch_Processing_Elementor->import()
#3 C:\xampp\htdocs\ecomerce\wp-content\plugins\woocommerce\includes\libraries\wp-background-process.php(301): WP_Background_Process_Astra->task(Object(Elementor\TemplateLibrary\Astra_Sites_Batch_Processing_Elementor))
#4 C:\xampp\htdocs\ecomerce\wp-content\plugins\woocommerce\includes\libraries\wp-background-process.php(447): WP_Background_Process->handle()
#5 C:\xampp\htdocs\ecomerce\wp-includes\class-wp-hook.php(308): WP_Background_Process->handle_cron_healthcheck()
#6 C:\xampp\htdocs\ecomerce\wp-includes\class-wp-hook.php(332): WP_Hook->apply_filters('', Array)
#7 C:\xampp\htdocs\ecomerce\wp-includes\plugin.php(565): WP_Hook->do_action(Array)
#8 C:\xampp\htdocs\ecomerce\wp-cron.php(188): do_action_ref_array('wp_image_proces...', Array)
#9 {main}
  thrown in C:\xampp\htdocs\ecomerce\wp-content\plugins\elementor\core\base\document.php on line 943

2022-11-30T15:07:27+00:00 CRITICAL Uncaught Exception: Invalid data: {"data":["Array","Array","Array"],"element":"Array"} in C:\xampp\htdocs\ecomerce\wp-content\plugins\elementor\core\base\document.php:943
Stack trace:
#0 C:\xampp\htdocs\ecomerce\wp-content\plugins\astra-sites\inc\importers\batch-processing\class-astra-sites-batch-processing-elementor.php(122): Elementor\Core\Base\Document->get_elements_raw_data(Array, true)
#1 C:\xampp\htdocs\ecomerce\wp-content\plugins\astra-sites\inc\importers\batch-processing\class-astra-sites-batch-processing-elementor.php(66): Elementor\TemplateLibrary\Astra_Sites_Batch_Processing_Elementor->import_single_post(10)
#2 C:\xampp\htdocs\ecomerce\wp-content\plugins\astra-sites\inc\importers\batch-processing\helpers\class-wp-background-process-astra.php(41): Elementor\TemplateLibrary\Astra_Sites_Batch_Processing_Elementor->import()
#3 C:\xampp\htdocs\ecomerce\wp-content\plugins\woocommerce\includes\libraries\wp-background-process.php(301): WP_Background_Process_Astra->task(Object(Elementor\TemplateLibrary\Astra_Sites_Batch_Processing_Elementor))
#4 C:\xampp\htdocs\ecomerce\wp-content\plugins\woocommerce\includes\libraries\wp-background-process.php(447): WP_Background_Process->handle()
#5 C:\xampp\htdocs\ecomerce\wp-includes\class-wp-hook.php(308): WP_Background_Process->handle_cron_healthcheck()
#6 C:\xampp\htdocs\ecomerce\wp-includes\class-wp-hook.php(332): WP_Hook->apply_filters('', Array)
#7 C:\xampp\htdocs\ecomerce\wp-includes\plugin.php(565): WP_Hook->do_action(Array)
#8 C:\xampp\htdocs\ecomerce\wp-cron.php(188): do_action_ref_array('wp_image_proces...', Array)
#9 {main}
  thrown in C:\xampp\htdocs\ecomerce\wp-content\plugins\elementor\core\base\document.php on line 943

2022-11-30T15:12:07+00:00 CRITICAL Uncaught Exception: Invalid data: {"data":["Array","Array","Array"],"element":"Array"} in C:\xampp\htdocs\ecomerce\wp-content\plugins\elementor\core\base\document.php:943
Stack trace:
#0 C:\xampp\htdocs\ecomerce\wp-content\plugins\astra-sites\inc\importers\batch-processing\class-astra-sites-batch-processing-elementor.php(122): Elementor\Core\Base\Document->get_elements_raw_data(Array, true)
#1 C:\xampp\htdocs\ecomerce\wp-content\plugins\astra-sites\inc\importers\batch-processing\class-astra-sites-batch-processing-elementor.php(66): Elementor\TemplateLibrary\Astra_Sites_Batch_Processing_Elementor->import_single_post(10)
#2 C:\xampp\htdocs\ecomerce\wp-content\plugins\astra-sites\inc\importers\batch-processing\helpers\class-wp-background-process-astra.php(41): Elementor\TemplateLibrary\Astra_Sites_Batch_Processing_Elementor->import()
#3 C:\xampp\htdocs\ecomerce\wp-content\plugins\woocommerce\includes\libraries\wp-background-process.php(301): WP_Background_Process_Astra->task(Object(Elementor\TemplateLibrary\Astra_Sites_Batch_Processing_Elementor))
#4 C:\xampp\htdocs\ecomerce\wp-content\plugins\woocommerce\includes\libraries\wp-background-process.php(447): WP_Background_Process->handle()
#5 C:\xampp\htdocs\ecomerce\wp-includes\class-wp-hook.php(308): WP_Background_Process->handle_cron_healthcheck()
#6 C:\xampp\htdocs\ecomerce\wp-includes\class-wp-hook.php(332): WP_Hook->apply_filters('', Array)
#7 C:\xampp\htdocs\ecomerce\wp-includes\plugin.php(565): WP_Hook->do_action(Array)
#8 C:\xampp\htdocs\ecomerce\wp-cron.php(188): do_action_ref_array('wp_image_proces...', Array)
#9 {main}
  thrown in C:\xampp\htdocs\ecomerce\wp-content\plugins\elementor\core\base\document.php on line 943

2022-11-30T15:16:58+00:00 CRITICAL Uncaught Exception: Invalid data: {"data":["Array","Array","Array"],"element":"Array"} in C:\xampp\htdocs\ecomerce\wp-content\plugins\elementor\core\base\document.php:943
Stack trace:
#0 C:\xampp\htdocs\ecomerce\wp-content\plugins\astra-sites\inc\importers\batch-processing\class-astra-sites-batch-processing-elementor.php(122): Elementor\Core\Base\Document->get_elements_raw_data(Array, true)
#1 C:\xampp\htdocs\ecomerce\wp-content\plugins\astra-sites\inc\importers\batch-processing\class-astra-sites-batch-processing-elementor.php(66): Elementor\TemplateLibrary\Astra_Sites_Batch_Processing_Elementor->import_single_post(10)
#2 C:\xampp\htdocs\ecomerce\wp-content\plugins\astra-sites\inc\importers\batch-processing\helpers\class-wp-background-process-astra.php(41): Elementor\TemplateLibrary\Astra_Sites_Batch_Processing_Elementor->import()
#3 C:\xampp\htdocs\ecomerce\wp-content\plugins\woocommerce\includes\libraries\wp-background-process.php(301): WP_Background_Process_Astra->task(Object(Elementor\TemplateLibrary\Astra_Sites_Batch_Processing_Elementor))
#4 C:\xampp\htdocs\ecomerce\wp-content\plugins\woocommerce\includes\libraries\wp-background-process.php(447): WP_Background_Process->handle()
#5 C:\xampp\htdocs\ecomerce\wp-includes\class-wp-hook.php(308): WP_Background_Process->handle_cron_healthcheck()
#6 C:\xampp\htdocs\ecomerce\wp-includes\class-wp-hook.php(332): WP_Hook->apply_filters('', Array)
#7 C:\xampp\htdocs\ecomerce\wp-includes\plugin.php(565): WP_Hook->do_action(Array)
#8 C:\xampp\htdocs\ecomerce\wp-cron.php(188): do_action_ref_array('wp_image_proces...', Array)
#9 {main}
  thrown in C:\xampp\htdocs\ecomerce\wp-content\plugins\elementor\core\base\document.php on line 943

2022-11-30T15:22:04+00:00 CRITICAL Uncaught Exception: Invalid data: {"data":["Array","Array","Array"],"element":"Array"} in C:\xampp\htdocs\ecomerce\wp-content\plugins\elementor\core\base\document.php:943
Stack trace:
#0 C:\xampp\htdocs\ecomerce\wp-content\plugins\astra-sites\inc\importers\batch-processing\class-astra-sites-batch-processing-elementor.php(122): Elementor\Core\Base\Document->get_elements_raw_data(Array, true)
#1 C:\xampp\htdocs\ecomerce\wp-content\plugins\astra-sites\inc\importers\batch-processing\class-astra-sites-batch-processing-elementor.php(66): Elementor\TemplateLibrary\Astra_Sites_Batch_Processing_Elementor->import_single_post(10)
#2 C:\xampp\htdocs\ecomerce\wp-content\plugins\astra-sites\inc\importers\batch-processing\helpers\class-wp-background-process-astra.php(41): Elementor\TemplateLibrary\Astra_Sites_Batch_Processing_Elementor->import()
#3 C:\xampp\htdocs\ecomerce\wp-content\plugins\woocommerce\includes\libraries\wp-background-process.php(301): WP_Background_Process_Astra->task(Object(Elementor\TemplateLibrary\Astra_Sites_Batch_Processing_Elementor))
#4 C:\xampp\htdocs\ecomerce\wp-content\plugins\woocommerce\includes\libraries\wp-background-process.php(447): WP_Background_Process->handle()
#5 C:\xampp\htdocs\ecomerce\wp-includes\class-wp-hook.php(308): WP_Background_Process->handle_cron_healthcheck()
#6 C:\xampp\htdocs\ecomerce\wp-includes\class-wp-hook.php(332): WP_Hook->apply_filters('', Array)
#7 C:\xampp\htdocs\ecomerce\wp-includes\plugin.php(565): WP_Hook->do_action(Array)
#8 C:\xampp\htdocs\ecomerce\wp-cron.php(188): do_action_ref_array('wp_image_proces...', Array)
#9 {main}
  thrown in C:\xampp\htdocs\ecomerce\wp-content\plugins\elementor\core\base\document.php on line 943

2022-11-30T15:27:14+00:00 CRITICAL Uncaught Exception: Invalid data: {"data":["Array","Array","Array"],"element":"Array"} in C:\xampp\htdocs\ecomerce\wp-content\plugins\elementor\core\base\document.php:943
Stack trace:
#0 C:\xampp\htdocs\ecomerce\wp-content\plugins\astra-sites\inc\importers\batch-processing\class-astra-sites-batch-processing-elementor.php(122): Elementor\Core\Base\Document->get_elements_raw_data(Array, true)
#1 C:\xampp\htdocs\ecomerce\wp-content\plugins\astra-sites\inc\importers\batch-processing\class-astra-sites-batch-processing-elementor.php(66): Elementor\TemplateLibrary\Astra_Sites_Batch_Processing_Elementor->import_single_post(10)
#2 C:\xampp\htdocs\ecomerce\wp-content\plugins\astra-sites\inc\importers\batch-processing\helpers\class-wp-background-process-astra.php(41): Elementor\TemplateLibrary\Astra_Sites_Batch_Processing_Elementor->import()
#3 C:\xampp\htdocs\ecomerce\wp-content\plugins\woocommerce\includes\libraries\wp-background-process.php(301): WP_Background_Process_Astra->task(Object(Elementor\TemplateLibrary\Astra_Sites_Batch_Processing_Elementor))
#4 C:\xampp\htdocs\ecomerce\wp-content\plugins\woocommerce\includes\libraries\wp-background-process.php(447): WP_Background_Process->handle()
#5 C:\xampp\htdocs\ecomerce\wp-includes\class-wp-hook.php(308): WP_Background_Process->handle_cron_healthcheck()
#6 C:\xampp\htdocs\ecomerce\wp-includes\class-wp-hook.php(332): WP_Hook->apply_filters('', Array)
#7 C:\xampp\htdocs\ecomerce\wp-includes\plugin.php(565): WP_Hook->do_action(Array)
#8 C:\xampp\htdocs\ecomerce\wp-cron.php(188): do_action_ref_array('wp_image_proces...', Array)
#9 {main}
  thrown in C:\xampp\htdocs\ecomerce\wp-content\plugins\elementor\core\base\document.php on line 943

2022-11-30T15:32:09+00:00 CRITICAL Uncaught Exception: Invalid data: {"data":["Array","Array","Array"],"element":"Array"} in C:\xampp\htdocs\ecomerce\wp-content\plugins\elementor\core\base\document.php:943
Stack trace:
#0 C:\xampp\htdocs\ecomerce\wp-content\plugins\astra-sites\inc\importers\batch-processing\class-astra-sites-batch-processing-elementor.php(122): Elementor\Core\Base\Document->get_elements_raw_data(Array, true)
#1 C:\xampp\htdocs\ecomerce\wp-content\plugins\astra-sites\inc\importers\batch-processing\class-astra-sites-batch-processing-elementor.php(66): Elementor\TemplateLibrary\Astra_Sites_Batch_Processing_Elementor->import_single_post(10)
#2 C:\xampp\htdocs\ecomerce\wp-content\plugins\astra-sites\inc\importers\batch-processing\helpers\class-wp-background-process-astra.php(41): Elementor\TemplateLibrary\Astra_Sites_Batch_Processing_Elementor->import()
#3 C:\xampp\htdocs\ecomerce\wp-content\plugins\woocommerce\includes\libraries\wp-background-process.php(301): WP_Background_Process_Astra->task(Object(Elementor\TemplateLibrary\Astra_Sites_Batch_Processing_Elementor))
#4 C:\xampp\htdocs\ecomerce\wp-content\plugins\woocommerce\includes\libraries\wp-background-process.php(447): WP_Background_Process->handle()
#5 C:\xampp\htdocs\ecomerce\wp-includes\class-wp-hook.php(308): WP_Background_Process->handle_cron_healthcheck()
#6 C:\xampp\htdocs\ecomerce\wp-includes\class-wp-hook.php(332): WP_Hook->apply_filters('', Array)
#7 C:\xampp\htdocs\ecomerce\wp-includes\plugin.php(565): WP_Hook->do_action(Array)
#8 C:\xampp\htdocs\ecomerce\wp-cron.php(188): do_action_ref_array('wp_image_proces...', Array)
#9 {main}
  thrown in C:\xampp\htdocs\ecomerce\wp-content\plugins\elementor\core\base\document.php on line 943

2022-11-30T15:37:00+00:00 CRITICAL Uncaught Exception: Invalid data: {"data":["Array","Array","Array"],"element":"Array"} in C:\xampp\htdocs\ecomerce\wp-content\plugins\elementor\core\base\document.php:943
Stack trace:
#0 C:\xampp\htdocs\ecomerce\wp-content\plugins\astra-sites\inc\importers\batch-processing\class-astra-sites-batch-processing-elementor.php(122): Elementor\Core\Base\Document->get_elements_raw_data(Array, true)
#1 C:\xampp\htdocs\ecomerce\wp-content\plugins\astra-sites\inc\importers\batch-processing\class-astra-sites-batch-processing-elementor.php(66): Elementor\TemplateLibrary\Astra_Sites_Batch_Processing_Elementor->import_single_post(10)
#2 C:\xampp\htdocs\ecomerce\wp-content\plugins\astra-sites\inc\importers\batch-processing\helpers\class-wp-background-process-astra.php(41): Elementor\TemplateLibrary\Astra_Sites_Batch_Processing_Elementor->import()
#3 C:\xampp\htdocs\ecomerce\wp-content\plugins\woocommerce\includes\libraries\wp-background-process.php(301): WP_Background_Process_Astra->task(Object(Elementor\TemplateLibrary\Astra_Sites_Batch_Processing_Elementor))
#4 C:\xampp\htdocs\ecomerce\wp-content\plugins\woocommerce\includes\libraries\wp-background-process.php(447): WP_Background_Process->handle()
#5 C:\xampp\htdocs\ecomerce\wp-includes\class-wp-hook.php(308): WP_Background_Process->handle_cron_healthcheck()
#6 C:\xampp\htdocs\ecomerce\wp-includes\class-wp-hook.php(332): WP_Hook->apply_filters('', Array)
#7 C:\xampp\htdocs\ecomerce\wp-includes\plugin.php(565): WP_Hook->do_action(Array)
#8 C:\xampp\htdocs\ecomerce\wp-cron.php(188): do_action_ref_array('wp_image_proces...', Array)
#9 {main}
  thrown in C:\xampp\htdocs\ecomerce\wp-content\plugins\elementor\core\base\document.php on line 943

2022-11-30T15:43:01+00:00 CRITICAL Uncaught Exception: Invalid data: {"data":["Array","Array","Array"],"element":"Array"} in C:\xampp\htdocs\ecomerce\wp-content\plugins\elementor\core\base\document.php:943
Stack trace:
#0 C:\xampp\htdocs\ecomerce\wp-content\plugins\astra-sites\inc\importers\batch-processing\class-astra-sites-batch-processing-elementor.php(122): Elementor\Core\Base\Document->get_elements_raw_data(Array, true)
#1 C:\xampp\htdocs\ecomerce\wp-content\plugins\astra-sites\inc\importers\batch-processing\class-astra-sites-batch-processing-elementor.php(66): Elementor\TemplateLibrary\Astra_Sites_Batch_Processing_Elementor->import_single_post(10)
#2 C:\xampp\htdocs\ecomerce\wp-content\plugins\astra-sites\inc\importers\batch-processing\helpers\class-wp-background-process-astra.php(41): Elementor\TemplateLibrary\Astra_Sites_Batch_Processing_Elementor->import()
#3 C:\xampp\htdocs\ecomerce\wp-content\plugins\woocommerce\includes\libraries\wp-background-process.php(301): WP_Background_Process_Astra->task(Object(Elementor\TemplateLibrary\Astra_Sites_Batch_Processing_Elementor))
#4 C:\xampp\htdocs\ecomerce\wp-content\plugins\woocommerce\includes\libraries\wp-background-process.php(447): WP_Background_Process->handle()
#5 C:\xampp\htdocs\ecomerce\wp-includes\class-wp-hook.php(308): WP_Background_Process->handle_cron_healthcheck()
#6 C:\xampp\htdocs\ecomerce\wp-includes\class-wp-hook.php(332): WP_Hook->apply_filters('', Array)
#7 C:\xampp\htdocs\ecomerce\wp-includes\plugin.php(565): WP_Hook->do_action(Array)
#8 C:\xampp\htdocs\ecomerce\wp-cron.php(188): do_action_ref_array('wp_image_proces...', Array)
#9 {main}
  thrown in C:\xampp\htdocs\ecomerce\wp-content\plugins\elementor\core\base\document.php on line 943

2022-11-30T15:47:41+00:00 CRITICAL Uncaught Exception: Invalid data: {"data":["Array","Array","Array"],"element":"Array"} in C:\xampp\htdocs\ecomerce\wp-content\plugins\elementor\core\base\document.php:943
Stack trace:
#0 C:\xampp\htdocs\ecomerce\wp-content\plugins\astra-sites\inc\importers\batch-processing\class-astra-sites-batch-processing-elementor.php(122): Elementor\Core\Base\Document->get_elements_raw_data(Array, true)
#1 C:\xampp\htdocs\ecomerce\wp-content\plugins\astra-sites\inc\importers\batch-processing\class-astra-sites-batch-processing-elementor.php(66): Elementor\TemplateLibrary\Astra_Sites_Batch_Processing_Elementor->import_single_post(10)
#2 C:\xampp\htdocs\ecomerce\wp-content\plugins\astra-sites\inc\importers\batch-processing\helpers\class-wp-background-process-astra.php(41): Elementor\TemplateLibrary\Astra_Sites_Batch_Processing_Elementor->import()
#3 C:\xampp\htdocs\ecomerce\wp-content\plugins\woocommerce\includes\libraries\wp-background-process.php(301): WP_Background_Process_Astra->task(Object(Elementor\TemplateLibrary\Astra_Sites_Batch_Processing_Elementor))
#4 C:\xampp\htdocs\ecomerce\wp-content\plugins\woocommerce\includes\libraries\wp-background-process.php(447): WP_Background_Process->handle()
#5 C:\xampp\htdocs\ecomerce\wp-includes\class-wp-hook.php(308): WP_Background_Process->handle_cron_healthcheck()
#6 C:\xampp\htdocs\ecomerce\wp-includes\class-wp-hook.php(332): WP_Hook->apply_filters('', Array)
#7 C:\xampp\htdocs\ecomerce\wp-includes\plugin.php(565): WP_Hook->do_action(Array)
#8 C:\xampp\htdocs\ecomerce\wp-cron.php(188): do_action_ref_array('wp_image_proces...', Array)
#9 {main}
  thrown in C:\xampp\htdocs\ecomerce\wp-content\plugins\elementor\core\base\document.php on line 943

2022-11-30T15:52:41+00:00 CRITICAL Uncaught Exception: Invalid data: {"data":["Array","Array","Array"],"element":"Array"} in C:\xampp\htdocs\ecomerce\wp-content\plugins\elementor\core\base\document.php:943
Stack trace:
#0 C:\xampp\htdocs\ecomerce\wp-content\plugins\astra-sites\inc\importers\batch-processing\class-astra-sites-batch-processing-elementor.php(122): Elementor\Core\Base\Document->get_elements_raw_data(Array, true)
#1 C:\xampp\htdocs\ecomerce\wp-content\plugins\astra-sites\inc\importers\batch-processing\class-astra-sites-batch-processing-elementor.php(66): Elementor\TemplateLibrary\Astra_Sites_Batch_Processing_Elementor->import_single_post(10)
#2 C:\xampp\htdocs\ecomerce\wp-content\plugins\astra-sites\inc\importers\batch-processing\helpers\class-wp-background-process-astra.php(41): Elementor\TemplateLibrary\Astra_Sites_Batch_Processing_Elementor->import()
#3 C:\xampp\htdocs\ecomerce\wp-content\plugins\woocommerce\includes\libraries\wp-background-process.php(301): WP_Background_Process_Astra->task(Object(Elementor\TemplateLibrary\Astra_Sites_Batch_Processing_Elementor))
#4 C:\xampp\htdocs\ecomerce\wp-content\plugins\woocommerce\includes\libraries\wp-background-process.php(447): WP_Background_Process->handle()
#5 C:\xampp\htdocs\ecomerce\wp-includes\class-wp-hook.php(308): WP_Background_Process->handle_cron_healthcheck()
#6 C:\xampp\htdocs\ecomerce\wp-includes\class-wp-hook.php(332): WP_Hook->apply_filters('', Array)
#7 C:\xampp\htdocs\ecomerce\wp-includes\plugin.php(565): WP_Hook->do_action(Array)
#8 C:\xampp\htdocs\ecomerce\wp-cron.php(188): do_action_ref_array('wp_image_proces...', Array)
#9 {main}
  thrown in C:\xampp\htdocs\ecomerce\wp-content\plugins\elementor\core\base\document.php on line 943

2022-11-30T16:29:24+00:00 CRITICAL Uncaught Exception: Invalid data: {"data":["Array","Array","Array"],"element":"Array"} in C:\xampp\htdocs\ecomerce\wp-content\plugins\elementor\core\base\document.php:943
Stack trace:
#0 C:\xampp\htdocs\ecomerce\wp-content\plugins\astra-sites\inc\importers\batch-processing\class-astra-sites-batch-processing-elementor.php(122): Elementor\Core\Base\Document->get_elements_raw_data(Array, true)
#1 C:\xampp\htdocs\ecomerce\wp-content\plugins\astra-sites\inc\importers\batch-processing\class-astra-sites-batch-processing-elementor.php(66): Elementor\TemplateLibrary\Astra_Sites_Batch_Processing_Elementor->import_single_post(10)
#2 C:\xampp\htdocs\ecomerce\wp-content\plugins\astra-sites\inc\importers\batch-processing\helpers\class-wp-background-process-astra.php(41): Elementor\TemplateLibrary\Astra_Sites_Batch_Processing_Elementor->import()
#3 C:\xampp\htdocs\ecomerce\wp-content\plugins\woocommerce\includes\libraries\wp-background-process.php(301): WP_Background_Process_Astra->task(Object(Elementor\TemplateLibrary\Astra_Sites_Batch_Processing_Elementor))
#4 C:\xampp\htdocs\ecomerce\wp-content\plugins\woocommerce\includes\libraries\wp-background-process.php(447): WP_Background_Process->handle()
#5 C:\xampp\htdocs\ecomerce\wp-includes\class-wp-hook.php(308): WP_Background_Process->handle_cron_healthcheck()
#6 C:\xampp\htdocs\ecomerce\wp-includes\class-wp-hook.php(332): WP_Hook->apply_filters('', Array)
#7 C:\xampp\htdocs\ecomerce\wp-includes\plugin.php(565): WP_Hook->do_action(Array)
#8 C:\xampp\htdocs\ecomerce\wp-cron.php(188): do_action_ref_array('wp_image_proces...', Array)
#9 {main}
  thrown in C:\xampp\htdocs\ecomerce\wp-content\plugins\elementor\core\base\document.php on line 943

